DEBUG 2024-07-26 16:23:23,235 views user participants = lulu
DEBUG 2024-07-26 16:23:23,240 views user participants = toto
DEBUG 2024-07-26 16:23:23,240 views user participants = titi
DEBUG 2024-07-26 16:23:27,562 views user participants = lulu
DEBUG 2024-07-26 16:23:27,565 views user participants = toto
DEBUG 2024-07-26 16:23:27,567 views user participants = titi
INFO 2024-07-26 16:23:27,585 views On rentre bien dans l'invitation
DEBUG 2024-07-26 16:23:27,597 views receiver = lulu
DEBUG 2024-07-26 16:23:51,575 views user participants = lulu
DEBUG 2024-07-26 16:23:51,577 views user participants = toto
DEBUG 2024-07-26 16:23:51,577 views user participants = titi
DEBUG 2024-07-26 16:23:53,727 views user participants = lulu
DEBUG 2024-07-26 16:23:53,727 views user participants = toto
DEBUG 2024-07-26 16:23:53,727 views user participants = titi
DEBUG 2024-07-26 16:23:56,672 views user participants = lulu
DEBUG 2024-07-26 16:23:56,676 views user participants = toto
DEBUG 2024-07-26 16:23:56,676 views user participants = titi
INFO 2024-07-26 16:23:56,677 views On rentre bien dans l'invitation
DEBUG 2024-07-26 16:23:56,680 views receiver = lulu
DEBUG 2024-07-26 16:24:25,868 views user participants = lulu
DEBUG 2024-07-26 16:24:25,869 views user participants = toto
DEBUG 2024-07-26 16:24:25,869 views user participants = titi
DEBUG 2024-07-26 16:24:29,074 views user participants = lulu
DEBUG 2024-07-26 16:24:29,079 views user participants = toto
DEBUG 2024-07-26 16:24:29,079 views user participants = titi
INFO 2024-07-26 16:24:29,080 views On rentre bien dans l'invitation
DEBUG 2024-07-26 16:24:29,082 views receiver = lulu
DEBUG 2024-07-26 16:24:29,087 views user= toto
DEBUG 2024-07-26 16:24:29,087 views receiver = lulu
DEBUG 2024-07-26 16:24:52,930 views user participants = lulu
DEBUG 2024-07-26 16:24:52,932 views user participants = toto
DEBUG 2024-07-26 16:24:52,933 views user participants = titi
DEBUG 2024-07-26 16:24:56,461 views user participants = lulu
DEBUG 2024-07-26 16:24:56,462 views user participants = toto
DEBUG 2024-07-26 16:24:56,462 views user participants = titi
INFO 2024-07-26 16:24:56,463 views On rentre bien dans l'invitation
DEBUG 2024-07-26 16:24:56,468 views receiver = toto
DEBUG 2024-07-26 16:24:56,468 views user= titi
DEBUG 2024-07-26 16:24:56,468 views receiver = toto
